D:\C++\TAXI\TAXI\DEBUG\BUS.OBJ
D:\C++\TAXI\TAXI\DEBUG\CAR.OBJ
D:\C++\TAXI\TAXI\DEBUG\MINIBUS.OBJ
D:\C++\TAXI\TAXI\DEBUG\PASSENGER.OBJ
D:\C++\TAXI\TAXI\DEBUG\ROUTE.OBJ
D:\C++\TAXI\TAXI\DEBUG\STATION.OBJ
D:\C++\TAXI\TAXI\DEBUG\TAXI.OBJ
D:\C++\TAXI\TAXI\DEBUG\VC110.PDB
D:\C++\TAXI\DEBUG\TAXI.ILK
D:\C++\TAXI\DEBUG\TAXI.EXE
D:\C++\TAXI\DEBUG\TAXI.PDB
D:\c++\Taxi\Taxi\Debug\Bus.obj
D:\c++\Taxi\Taxi\Debug\Car.obj
D:\c++\Taxi\Taxi\Debug\Minibus.obj
D:\c++\Taxi\Taxi\Debug\Passenger.obj
D:\c++\Taxi\Taxi\Debug\Route.obj
D:\c++\Taxi\Taxi\Debug\Station.obj
D:\c++\Taxi\Taxi\Debug\Taxi.obj
D:\c++\Taxi\Taxi\Debug\cl.command.1.tlog
D:\c++\Taxi\Taxi\Debug\CL.read.1.tlog
D:\c++\Taxi\Taxi\Debug\CL.write.1.tlog
D:\c++\Taxi\Taxi\Debug\link-cvtres.read.1.tlog
D:\c++\Taxi\Taxi\Debug\link-cvtres.write.1.tlog
D:\c++\Taxi\Taxi\Debug\link-rc.read.1.tlog
D:\c++\Taxi\Taxi\Debug\link-rc.write.1.tlog
D:\c++\Taxi\Taxi\Debug\link.6204-cvtres.read.1.tlog
D:\c++\Taxi\Taxi\Debug\link.6204-cvtres.write.1.tlog
D:\c++\Taxi\Taxi\Debug\link.6204-rc.read.1.tlog
D:\c++\Taxi\Taxi\Debug\link.6204-rc.write.1.tlog
D:\c++\Taxi\Taxi\Debug\link.6204.read.1.tlog
D:\c++\Taxi\Taxi\Debug\link.6204.write.1.tlog
D:\c++\Taxi\Taxi\Debug\link.7092-cvtres.read.1.tlog
D:\c++\Taxi\Taxi\Debug\link.7092-cvtres.write.1.tlog
D:\c++\Taxi\Taxi\Debug\link.7092-rc.read.1.tlog
D:\c++\Taxi\Taxi\Debug\link.7092-rc.write.1.tlog
D:\c++\Taxi\Taxi\Debug\link.7092.read.1.tlog
D:\c++\Taxi\Taxi\Debug\link.7092.write.1.tlog
D:\c++\Taxi\Taxi\Debug\link.7480-cvtres.read.1.tlog
D:\c++\Taxi\Taxi\Debug\link.7480-cvtres.write.1.tlog
D:\c++\Taxi\Taxi\Debug\link.7480-rc.read.1.tlog
D:\c++\Taxi\Taxi\Debug\link.7480-rc.write.1.tlog
D:\c++\Taxi\Taxi\Debug\link.7480.read.1.tlog
D:\c++\Taxi\Taxi\Debug\link.7480.write.1.tlog
D:\c++\Taxi\Taxi\Debug\link.command.1.tlog
D:\c++\Taxi\Taxi\Debug\link.read.1.tlog
D:\c++\Taxi\Taxi\Debug\link.write.1.tlog
D:\c++\Taxi\Taxi\Debug\vc110.idb
D:\c++\Taxi\Taxi\Debug\vc110.pdb
D:\c++\Taxi\Debug\Taxi.pdb
D:\c++\Taxi\Debug\Taxi.exe
D:\c++\Taxi\Debug\Taxi.ilk
