Построение начато 23.03.2015 1:55:07.
     1>Проект "D:\c++\Taxi\Taxi\Taxi.vcxproj" в узле 2 (целевые объекты Build).
     1>ClCompile:
         C:\Program Files (x86)\Microsoft Visual Studio 11.0\VC\bin\CL.exe /c /ZI /nologo /W3 /WX- /sdl /Od /Oy- /D WIN32 /D _DEBUG /D _CONSOLE /D _UNICODE /D UNICODE /Gm /EHsc /RTC1 /MDd /GS /fp:precise /Zc:wchar_t /Zc:forScope /Fo"Debug\\" /Fd"Debug\vc110.pdb" /Gd /TP /analyze- /errorReport:prompt Car.cpp Passenger.cpp Taxi.cpp
         Taxi.cpp
         Passenger.cpp
         Car.cpp
         Создание кода...
       Link:
         C:\Program Files (x86)\Microsoft Visual Studio 11.0\VC\bin\link.exe /ERRORREPORT:PROMPT /OUT:"D:\c++\Taxi\Debug\Taxi.exe" /INCREMENTAL /NOLOGO kernel32.lib user32.lib gdi32.lib winspool.lib comdlg32.lib advapi32.lib shell32.lib ole32.lib oleaut32.lib uuid.lib odbc32.lib odbccp32.lib /MANIFEST /MANIFESTUAC:"level='asInvoker' uiAccess='false'" /manifest:embed /DEBUG /PDB:"D:\c++\Taxi\Debug\Taxi.pdb" /SUBSYSTEM:CONSOLE /TLBID:1 /DYNAMICBASE /NXCOMPAT /IMPLIB:"D:\c++\Taxi\Debug\Taxi.lib" /MACHINE:X86 Debug\Bus.obj
         Debug\Car.obj
         Debug\Minibus.obj
         Debug\Passenger.obj
         Debug\Route.obj
         Debug\Station.obj
         Debug\Taxi.obj
         Taxi.vcxproj -> D:\c++\Taxi\Debug\Taxi.exe
     1>Построение проекта "D:\c++\Taxi\Taxi\Taxi.vcxproj" завершено (целевые объекты Build).

Построение успешно завершено.

Затраченное время: 00:00:04.05
